<?xml version="1.0" encoding="UTF-8"?>
<testng-results ignored="0" total="2" passed="1" failed="1" skipped="0">
  <reporter-output>
  </reporter-output>
  <suite started-at="2025-05-21T20:15:24 EDT" name="Parallel Scenarios Tests" finished-at="2025-05-21T20:15:37 EDT" duration-ms="12541">
    <groups>
      <group name="cucumber">
        <method signature="AbstractTestNGCucumberTests.runScenario(io.cucumber.testng.PickleWrapper,io.cucumber.testng.FeatureWrapper)[pri:0, instance:testRunnerAllureParallelScenarios1.TestRunnerAllureParallelScenarios1@4b039c6d]" name="runScenario" class="io.cucumber.testng.AbstractTestNGCucumberTests"/>
      </group> <!-- cucumber -->
    </groups>
    <test started-at="2025-05-21T20:15:24 EDT" name="Automation Tests" finished-at="2025-05-21T20:15:37 EDT" duration-ms="12541">
      <class name="testRunnerAllureParallelScenarios1.TestRunnerAllureParallelScenarios1">
        <test-method is-config="true" signature="setUpClass(org.testng.ITestContext)[pri:0, instance:testRunnerAllureParallelScenarios1.TestRunnerAllureParallelScenarios1@4b039c6d]" started-at="2025-05-21T20:15:24 EDT" name="setUpClass" finished-at="2025-05-21T20:15:25 EDT" duration-ms="874" status="PASS">
          <params>
            <param index="0">
              <value>
                <![CDATA[org.testng.TestRunner@341b13a8]]>
              </value>
            </param>
          </params>
          <reporter-output>
          </reporter-output>
        </test-method> <!-- setUpClass -->
        <test-method signature="runScenario(io.cucumber.testng.PickleWrapper,io.cucumber.testng.FeatureWrapper)[pri:0, instance:testRunnerAllureParallelScenarios1.TestRunnerAllureParallelScenarios1@4b039c6d]" started-at="2025-05-21T20:15:25 EDT" name="runScenario" description="Runs Cucumber Scenarios" data-provider="scenarios" finished-at="2025-05-21T20:15:30 EDT" duration-ms="4720" status="PASS">
          <params>
            <param index="0">
              <value>
                <![CDATA["Verify homepage image slider is displayed"]]>
              </value>
            </param>
            <param index="1">
              <value>
                <![CDATA["Homepage image slider functionality"]]>
              </value>
            </param>
          </params>
          <reporter-output>
          </reporter-output>
        </test-method> <!-- runScenario -->
        <test-method signature="runScenario(io.cucumber.testng.PickleWrapper,io.cucumber.testng.FeatureWrapper)[pri:0, instance:testRunnerAllureParallelScenarios1.TestRunnerAllureParallelScenarios1@4b039c6d]" started-at="2025-05-21T20:15:30 EDT" name="runScenario" description="Runs Cucumber Scenarios" data-provider="scenarios" finished-at="2025-05-21T20:15:34 EDT" duration-ms="4119" status="FAIL">
          <params>
            <param index="0">
              <value>
                <![CDATA["Verify image slider automatically changes images"]]>
              </value>
            </param>
            <param index="1">
              <value>
                <![CDATA["Homepage image slider functionality"]]>
              </value>
            </param>
          </params>
          <exception class="java.lang.AssertionError">
            <message>
              <![CDATA[Image did not change did not expect [https://www.alwaysfashion.com/images/thumbs/0214788_oris-big-crown-pointer-date-01-754-7798-4068-07-8-20-06_420.jpeg] but found [https://www.alwaysfashion.com/images/thumbs/0214788_oris-big-crown-pointer-date-01-754-7798-4068-07-8-20-06_420.jpeg]]]>
            </message>
            <full-stacktrace>
              <![CDATA[java.lang.AssertionError: Image did not change did not expect [https://www.alwaysfashion.com/images/thumbs/0214788_oris-big-crown-pointer-date-01-754-7798-4068-07-8-20-06_420.jpeg] but found [https://www.alwaysfashion.com/images/thumbs/0214788_oris-big-crown-pointer-date-01-754-7798-4068-07-8-20-06_420.jpeg]
at org.testng.Assert.fail(Assert.java:111)
at org.testng.Assert.failEquals(Assert.java:1582)
at org.testng.Assert.assertNotEqualsImpl(Assert.java:157)
at org.testng.Assert.assertNotEquals(Assert.java:2198)
at pageActionAllureParallelScenarios1.HomepageActionAllureParallelScenarios1.displayed_image_should_be_different_from_the_previous_one(HomepageActionAllureParallelScenarios1.java:39)
at stepDefinationAllureParallelScenarios1.ImageSliderAllureParallelScenarios1.the_displayed_image_should_be_different_from_the_previous_one(ImageSliderAllureParallelScenarios1.java:52)
at âœ½.the displayed image should be different from the previous one(file:///C:/workspaces/projects/com.AllureParallelScenarios1/src/test/resources/featureFolderAllureParallelScenarios1/ImageSliderAllureParallelScenarios1.feature:20)
]]>
            </full-stacktrace>
          </exception> <!-- java.lang.AssertionError -->
          <reporter-output>
          </reporter-output>
        </test-method> <!-- runScenario -->
        <test-method is-config="true" signature="tearDownClass()[pri:0, instance:testRunnerAllureParallelScenarios1.TestRunnerAllureParallelScenarios1@4b039c6d]" started-at="2025-05-21T20:15:34 EDT" name="tearDownClass" finished-at="2025-05-21T20:15:37 EDT" duration-ms="2752" status="PASS">
          <reporter-output>
          </reporter-output>
        </test-method> <!-- tearDownClass -->
      </class> <!-- testRunnerAllureParallelScenarios1.TestRunnerAllureParallelScenarios1 -->
    </test> <!-- Automation Tests -->
  </suite> <!-- Parallel Scenarios Tests -->
</testng-results>
